Nov 05, 2025 8:08:07 AM com.jetstream.database.DatabaseConnection init
SEVERE: DB init failed: No suitable driver found for jdbc:postgresql://dpg-d45e5v75r7bs73ag245g-a:5432/jetstreamdb
Nov 05, 2025 8:10:01 AM com.jetstream.database.DatabaseConnection close
INFO: DB connection closed.
Nov 05, 2025 8:57:32 AM com.jetstream.database.DatabaseConnection init
SEVERE: DB init failed: The connection attempt failed.
Nov 05, 2025 8:57:41 AM com.jetstream.database.DatabaseConnection close
INFO: DB connection closed.
Nov 05, 2025 9:07:04 AM com.jetstream.database.DatabaseConnection init
SEVERE: DB init failed: No suitable driver found for jdbc:mysql://localhost:3306/jetstream
Nov 05, 2025 9:07:15 AM com.jetstream.database.DatabaseConnection close
INFO: DB connections closed.
Nov 05, 2025 9:42:41 AM com.jetstream.database.DatabaseConnection init
INFO: Connected to MySQL.
Nov 05, 2025 9:42:42 AM com.jetstream.database.DatabaseConnection init
SEVERE: DB init failed: The connection attempt failed.
Nov 05, 2025 9:42:47 AM com.jetstream.database.DatabaseConnection close
INFO: DB connections closed.
Nov 05, 2025 10:09:09 AM com.jetstream.database.DatabaseConnection init
INFO: Connected to MySQL.
Nov 05, 2025 10:09:10 AM com.jetstream.database.DatabaseConnection init
SEVERE: DB init failed: The connection attempt failed.
Nov 05, 2025 10:09:24 AM com.jetstream.database.DatabaseConnection close
INFO: DB connections closed.
